time="2022-04-27 21:09:12" level=info Agent="Mozilla/5.0 (Windows NT 10.0; Win64; x64) AppleWebKit/537.36 (KHTML, like Gecko) Chrome/100.0.4896.127 Safari/537.36" DataSize=1785 HostName=LEGION Ip="::1" Method=GET Path=/admin SpendTime="0 ms" status=200
time="2022-04-27 21:09:12" level=info Agent="Mozilla/5.0 (Windows NT 10.0; Win64; x64) AppleWebKit/537.36 (KHTML, like Gecko) Chrome/100.0.4896.127 Safari/537.36" DataSize=138 HostName=LEGION Ip="::1" Method=GET Path=/admin/css/app.a3fed5bb.css SpendTime="110 ms" status=200
time="2022-04-27 21:09:12" level=info Agent="Mozilla/5.0 (Windows NT 10.0; Win64; x64) AppleWebKit/537.36 (KHTML, like Gecko) Chrome/100.0.4896.127 Safari/537.36" DataSize=397 HostName=LEGION Ip="::1" Method=GET Path=/admin/css/Admin.d0e18252.css SpendTime="82 ms" status=200
time="2022-04-27 21:09:12" level=info Agent="Mozilla/5.0 (Windows NT 10.0; Win64; x64) AppleWebKit/537.36 (KHTML, like Gecko) Chrome/100.0.4896.127 Safari/537.36" DataSize=12392 HostName=LEGION Ip="::1" Method=GET Path=/admin/js/app.09257828.js SpendTime="101 ms" status=200
time="2022-04-27 21:09:12" level=info Agent="Mozilla/5.0 (Windows NT 10.0; Win64; x64) AppleWebKit/537.36 (KHTML, like Gecko) Chrome/100.0.4896.127 Safari/537.36" DataSize=60910 HostName=LEGION Ip="::1" Method=GET Path=/admin/css/AddArt.33d84d2f.css SpendTime="83 ms" status=200
time="2022-04-27 21:09:12" level=info Agent="Mozilla/5.0 (Windows NT 10.0; Win64; x64) AppleWebKit/537.36 (KHTML, like Gecko) Chrome/100.0.4896.127 Safari/537.36" DataSize=276605 HostName=LEGION Ip="::1" Method=GET Path=/admin/css/chunk-vendors.b4ef9c53.css SpendTime="109 ms" status=200
time="2022-04-27 21:09:12" level=info Agent="Mozilla/5.0 (Windows NT 10.0; Win64; x64) AppleWebKit/537.36 (KHTML, like Gecko) Chrome/100.0.4896.127 Safari/537.36" DataSize=166 HostName=LEGION Ip="::1" Method=GET Path=/admin/css/ArtList.31efa42c.css SpendTime="0 ms" status=200
time="2022-04-27 21:09:12" level=info Agent="Mozilla/5.0 (Windows NT 10.0; Win64; x64) AppleWebKit/537.36 (KHTML, like Gecko) Chrome/100.0.4896.127 Safari/537.36" DataSize=1484015 HostName=LEGION Ip="::1" Method=GET Path=/admin/js/chunk-vendors.a91c0ea6.js SpendTime="105 ms" status=200
time="2022-04-27 21:09:12" level=info Agent="Mozilla/5.0 (Windows NT 10.0; Win64; x64) AppleWebKit/537.36 (KHTML, like Gecko) Chrome/100.0.4896.127 Safari/537.36" DataSize=65 HostName=LEGION Ip="::1" Method=GET Path=/admin/css/CateList.8a159426.css SpendTime="0 ms" status=200
time="2022-04-27 21:09:12" level=info Agent="Mozilla/5.0 (Windows NT 10.0; Win64; x64) AppleWebKit/537.36 (KHTML, like Gecko) Chrome/100.0.4896.127 Safari/537.36" DataSize=393 HostName=LEGION Ip="::1" Method=GET Path=/admin/css/Login.d975822d.css SpendTime="0 ms" status=200
time="2022-04-27 21:09:12" level=info Agent="Mozilla/5.0 (Windows NT 10.0; Win64; x64) AppleWebKit/537.36 (KHTML, like Gecko) Chrome/100.0.4896.127 Safari/537.36" DataSize=107 HostName=LEGION Ip="::1" Method=GET Path=/admin/css/UserList.98bb0afc.css SpendTime="0 ms" status=200
time="2022-04-27 21:09:12" level=info Agent="Mozilla/5.0 (Windows NT 10.0; Win64; x64) AppleWebKit/537.36 (KHTML, like Gecko) Chrome/100.0.4896.127 Safari/537.36" DataSize=14444 HostName=LEGION Ip="::1" Method=GET Path="/admin/js/AddArt~ArtList~CateList~UserList.d7ce1851.js" SpendTime="0 ms" status=200
time="2022-04-27 21:09:12" level=info Agent="Mozilla/5.0 (Windows NT 10.0; Win64; x64) AppleWebKit/537.36 (KHTML, like Gecko) Chrome/100.0.4896.127 Safari/537.36" DataSize=1237060 HostName=LEGION Ip="::1" Method=GET Path=/admin/js/AddArt.f99f92da.js SpendTime="1 ms" status=200
time="2022-04-27 21:09:12" level=info Agent="Mozilla/5.0 (Windows NT 10.0; Win64; x64) AppleWebKit/537.36 (KHTML, like Gecko) Chrome/100.0.4896.127 Safari/537.36" DataSize=2899 HostName=LEGION Ip="::1" Method=GET Path=/admin/js/Admin.1b191faa.js SpendTime="1 ms" status=200
time="2022-04-27 21:09:12" level=info Agent="Mozilla/5.0 (Windows NT 10.0; Win64; x64) AppleWebKit/537.36 (KHTML, like Gecko) Chrome/100.0.4896.127 Safari/537.36" DataSize=13212 HostName=LEGION Ip="::1" Method=GET Path=/admin/js/ArtList.008abe6c.js SpendTime="0 ms" status=200
time="2022-04-27 21:09:12" level=info Agent="Mozilla/5.0 (Windows NT 10.0; Win64; x64) AppleWebKit/537.36 (KHTML, like Gecko) Chrome/100.0.4896.127 Safari/537.36" DataSize=8110 HostName=LEGION Ip="::1" Method=GET Path=/admin/js/CateList.6319ed18.js SpendTime="1 ms" status=200
time="2022-04-27 21:09:12" level=info Agent="Mozilla/5.0 (Windows NT 10.0; Win64; x64) AppleWebKit/537.36 (KHTML, like Gecko) Chrome/100.0.4896.127 Safari/537.36" DataSize=450 HostName=LEGION Ip="::1" Method=GET Path=/admin/js/Index.edefd617.js SpendTime="1 ms" status=200
time="2022-04-27 21:09:12" level=info Agent="Mozilla/5.0 (Windows NT 10.0; Win64; x64) AppleWebKit/537.36 (KHTML, like Gecko) Chrome/100.0.4896.127 Safari/537.36" DataSize=9447 HostName=LEGION Ip="::1" Method=GET Path=/admin/js/Login.654279f4.js SpendTime="0 ms" status=200
time="2022-04-27 21:09:12" level=info Agent="Mozilla/5.0 (Windows NT 10.0; Win64; x64) AppleWebKit/537.36 (KHTML, like Gecko) Chrome/100.0.4896.127 Safari/537.36" DataSize=35513 HostName=LEGION Ip="::1" Method=GET Path=/admin/js/UserList.ab6b22de.js SpendTime="0 ms" status=200
time="2022-04-27 21:09:18" level=info Agent="Mozilla/5.0 (Windows NT 10.0; Win64; x64) AppleWebKit/537.36 (KHTML, like Gecko) Chrome/100.0.4896.127 Safari/537.36" DataSize=73 HostName=LEGION Ip="::1" Method=POST Path=/api/v1/login SpendTime="3 ms" status=200
time="2022-04-27 21:12:46" level=info Agent="ApiPOST Runtime +https://www.apipost.cn" DataSize=61 HostName=LEGION Ip=127.0.0.1 Method=POST Path=/api/v1/user/add SpendTime="1 ms" status=200
time="2022-04-27 21:15:38" level=info Agent="Mozilla/5.0 (Windows NT 10.0; Win64; x64) AppleWebKit/537.36 (KHTML, like Gecko) Chrome/100.0.4896.127 Safari/537.36" DataSize=73 HostName=LEGION Ip="::1" Method=POST Path=/api/v1/login SpendTime="2 ms" status=200
time="2022-04-27 21:15:43" level=info Agent="Mozilla/5.0 (Windows NT 10.0; Win64; x64) AppleWebKit/537.36 (KHTML, like Gecko) Chrome/100.0.4896.127 Safari/537.36" DataSize=73 HostName=LEGION Ip="::1" Method=POST Path=/api/v1/login SpendTime="0 ms" status=200
time="2022-04-27 21:15:43" level=info Agent="Mozilla/5.0 (Windows NT 10.0; Win64; x64) AppleWebKit/537.36 (KHTML, like Gecko) Chrome/100.0.4896.127 Safari/537.36" DataSize=73 HostName=LEGION Ip="::1" Method=POST Path=/api/v1/login SpendTime="0 ms" status=200
time="2022-04-27 21:15:43" level=info Agent="Mozilla/5.0 (Windows NT 10.0; Win64; x64) AppleWebKit/537.36 (KHTML, like Gecko) Chrome/100.0.4896.127 Safari/537.36" DataSize=73 HostName=LEGION Ip="::1" Method=POST Path=/api/v1/login SpendTime="0 ms" status=200
time="2022-04-27 21:16:13" level=info Agent="Mozilla/5.0 (Windows NT 10.0; Win64; x64) AppleWebKit/537.36 (KHTML, like Gecko) Chrome/100.0.4896.127 Safari/537.36" DataSize=73 HostName=LEGION Ip="::1" Method=POST Path=/api/v1/login SpendTime="2 ms" status=200
time="2022-04-27 21:16:13" level=info Agent="Mozilla/5.0 (Windows NT 10.0; Win64; x64) AppleWebKit/537.36 (KHTML, like Gecko) Chrome/100.0.4896.127 Safari/537.36" DataSize=73 HostName=LEGION Ip="::1" Method=POST Path=/api/v1/login SpendTime="1 ms" status=200
time="2022-04-27 21:16:13" level=info Agent="Mozilla/5.0 (Windows NT 10.0; Win64; x64) AppleWebKit/537.36 (KHTML, like Gecko) Chrome/100.0.4896.127 Safari/537.36" DataSize=73 HostName=LEGION Ip="::1" Method=POST Path=/api/v1/login SpendTime="0 ms" status=200
time="2022-04-27 21:16:14" level=info Agent="Mozilla/5.0 (Windows NT 10.0; Win64; x64) AppleWebKit/537.36 (KHTML, like Gecko) Chrome/100.0.4896.127 Safari/537.36" DataSize=73 HostName=LEGION Ip="::1" Method=POST Path=/api/v1/login SpendTime="0 ms" status=200
time="2022-04-27 21:16:40" level=info Agent="Mozilla/5.0 (Windows NT 10.0; Win64; x64) AppleWebKit/537.36 (KHTML, like Gecko) Chrome/100.0.4896.127 Safari/537.36" DataSize=1785 HostName=LEGION Ip="::1" Method=GET Path=/admin SpendTime="0 ms" status=200
time="2022-04-27 21:16:45" level=info Agent="Mozilla/5.0 (Windows NT 10.0; Win64; x64) AppleWebKit/537.36 (KHTML, like Gecko) Chrome/100.0.4896.127 Safari/537.36" DataSize=73 HostName=LEGION Ip="::1" Method=POST Path=/api/v1/login SpendTime="2 ms" status=200
time="2022-04-27 21:17:02" level=info Agent="ApiPOST Runtime +https://www.apipost.cn" DataSize=61 HostName=LEGION Ip=127.0.0.1 Method=POST Path=/api/v1/user/add SpendTime="0 ms" status=200
time="2022-04-27 21:17:06" level=info Agent="ApiPOST Runtime +https://www.apipost.cn" DataSize=29 HostName=LEGION Ip=127.0.0.1 Method=POST Path=/api/v1/user/add SpendTime="101 ms" status=200
time="2022-04-27 21:18:31" level=info Agent="ApiPOST Runtime +https://www.apipost.cn" DataSize=29 HostName=LEGION Ip=127.0.0.1 Method=POST Path=/api/v1/user/add SpendTime="122 ms" status=200
time="2022-04-27 21:19:51" level=info Agent="ApiPOST Runtime +https://www.apipost.cn" DataSize=29 HostName=LEGION Ip=127.0.0.1 Method=POST Path=/api/v1/user/add SpendTime="101 ms" status=200
time="2022-04-27 21:20:48" level=info Agent="Mozilla/5.0 (Windows NT 10.0; Win64; x64) AppleWebKit/537.36 (KHTML, like Gecko) Chrome/100.0.4896.127 Safari/537.36" DataSize=73 HostName=LEGION Ip="::1" Method=POST Path=/api/v1/login SpendTime="1 ms" status=200
time="2022-04-27 21:20:57" level=info Agent="Mozilla/5.0 (Windows NT 10.0; Win64; x64) AppleWebKit/537.36 (KHTML, like Gecko) Chrome/100.0.4896.127 Safari/537.36" DataSize=73 HostName=LEGION Ip="::1" Method=POST Path=/api/v1/login SpendTime="0 ms" status=200
time="2022-04-27 21:22:14" level=info Agent="ApiPOST Runtime +https://www.apipost.cn" DataSize=29 HostName=LEGION Ip=127.0.0.1 Method=POST Path=/api/v1/user/add SpendTime="120 ms" status=200
time="2022-04-27 21:22:27" level=info Agent="ApiPOST Runtime +https://www.apipost.cn" DataSize=29 HostName=LEGION Ip=127.0.0.1 Method=POST Path=/api/v1/user/add SpendTime="102 ms" status=200
time="2022-04-27 21:26:13" level=info Agent="ApiPOST Runtime +https://www.apipost.cn" DataSize=29 HostName=LEGION Ip=127.0.0.1 Method=POST Path=/api/v1/user/add SpendTime="123 ms" status=200
time="2022-04-27 21:27:04" level=info Agent="ApiPOST Runtime +https://www.apipost.cn" DataSize=29 HostName=LEGION Ip=127.0.0.1 Method=POST Path=/api/v1/user/add SpendTime="103 ms" status=200
time="2022-04-27 21:28:39" level=info Agent="ApiPOST Runtime +https://www.apipost.cn" DataSize=29 HostName=LEGION Ip=127.0.0.1 Method=POST Path=/api/v1/user/add SpendTime="120 ms" status=200
time="2022-04-27 21:33:35" level=info Agent="Mozilla/5.0 (Windows NT 10.0; Win64; x64) AppleWebKit/537.36 (KHTML, like Gecko) Chrome/100.0.4896.127 Safari/537.36" DataSize=1579 HostName=LEGION Ip="::1" Method=GET Path=/ SpendTime="0 ms" status=200
time="2022-04-27 21:33:35" level=info Agent="Mozilla/5.0 (Windows NT 10.0; Win64; x64) AppleWebKit/537.36 (KHTML, like Gecko) Chrome/100.0.4896.127 Safari/537.36" DataSize=18087 HostName=LEGION Ip="::1" Method=GET Path=/static/js/app.56dc8b88.js SpendTime="100 ms" status=200
time="2022-04-27 21:33:35" level=info Agent="Mozilla/5.0 (Windows NT 10.0; Win64; x64) AppleWebKit/537.36 (KHTML, like Gecko) Chrome/100.0.4896.127 Safari/537.36" DataSize=6288 HostName=LEGION Ip="::1" Method=GET Path=/static/css/group-index.8b1e37c8.css SpendTime="74 ms" status=200
time="2022-04-27 21:33:35" level=info Agent="Mozilla/5.0 (Windows NT 10.0; Win64; x64) AppleWebKit/537.36 (KHTML, like Gecko) Chrome/100.0.4896.127 Safari/537.36" DataSize=9548 HostName=LEGION Ip="::1" Method=GET Path=/static/css/group-category.3417c2de.css SpendTime="75 ms" status=200
time="2022-04-27 21:33:35" level=info Agent="Mozilla/5.0 (Windows NT 10.0; Win64; x64) AppleWebKit/537.36 (KHTML, like Gecko) Chrome/100.0.4896.127 Safari/537.36" DataSize=11064 HostName=LEGION Ip="::1" Method=GET Path=/static/css/group-detail.abcb2db9.css SpendTime="74 ms" status=200
time="2022-04-27 21:33:35" level=info Agent="Mozilla/5.0 (Windows NT 10.0; Win64; x64) AppleWebKit/537.36 (KHTML, like Gecko) Chrome/100.0.4896.127 Safari/537.36" DataSize=386389 HostName=LEGION Ip="::1" Method=GET Path=/static/css/chunk-vendors.0d28bce3.css SpendTime="106 ms" status=200
time="2022-04-27 21:33:35" level=info Agent="Mozilla/5.0 (Windows NT 10.0; Win64; x64) AppleWebKit/537.36 (KHTML, like Gecko) Chrome/100.0.4896.127 Safari/537.36" DataSize=407189 HostName=LEGION Ip="::1" Method=GET Path=/static/js/chunk-vendors.41bc0b35.js SpendTime="99 ms" status=200
time="2022-04-27 21:33:35" level=info Agent="Mozilla/5.0 (Windows NT 10.0; Win64; x64) AppleWebKit/537.36 (KHTML, like Gecko) Chrome/100.0.4896.127 Safari/537.36" DataSize=9500 HostName=LEGION Ip="::1" Method=GET Path=/static/css/group-search.1c222c6c.css SpendTime="1 ms" status=200
time="2022-04-27 21:33:35" level=info Agent="Mozilla/5.0 (Windows NT 10.0; Win64; x64) AppleWebKit/537.36 (KHTML, like Gecko) Chrome/100.0.4896.127 Safari/537.36" DataSize=13847 HostName=LEGION Ip="::1" Method=GET Path=/static/js/group-category.daf098d3.js SpendTime="1 ms" status=200
time="2022-04-27 21:33:35" level=info Agent="Mozilla/5.0 (Windows NT 10.0; Win64; x64) AppleWebKit/537.36 (KHTML, like Gecko) Chrome/100.0.4896.127 Safari/537.36" DataSize=14120 HostName=LEGION Ip="::1" Method=GET Path=/static/js/group-detail.77740692.js SpendTime="0 ms" status=200
time="2022-04-27 21:33:35" level=info Agent="Mozilla/5.0 (Windows NT 10.0; Win64; x64) AppleWebKit/537.36 (KHTML, like Gecko) Chrome/100.0.4896.127 Safari/537.36" DataSize=9671 HostName=LEGION Ip="::1" Method=GET Path=/static/js/group-index.e176fe21.js SpendTime="1 ms" status=200
time="2022-04-27 21:33:35" level=info Agent="Mozilla/5.0 (Windows NT 10.0; Win64; x64) AppleWebKit/537.36 (KHTML, like Gecko) Chrome/100.0.4896.127 Safari/537.36" DataSize=13716 HostName=LEGION Ip="::1" Method=GET Path=/static/js/group-search.22aae36d.js SpendTime="1 ms" status=200
time="2022-04-27 21:33:43" level=info Agent="Mozilla/5.0 (Windows NT 10.0; Win64; x64) AppleWebKit/537.36 (KHTML, like Gecko) Chrome/100.0.4896.127 Safari/537.36" DataSize=11719 HostName=LEGION Ip="::1" Method=GET Path=/static/img/logo.f117d35e.png SpendTime="0 ms" status=200
time="2022-04-27 21:33:43" level=info Agent="Mozilla/5.0 (Windows NT 10.0; Win64; x64) AppleWebKit/537.36 (KHTML, like Gecko) Chrome/100.0.4896.127 Safari/537.36" DataSize=49 HostName=LEGION Ip="::1" Method=GET Path=/api/v1/category SpendTime="2 ms" status=200
time="2022-04-27 21:33:43" level=info Agent="Mozilla/5.0 (Windows NT 10.0; Win64; x64) AppleWebKit/537.36 (KHTML, like Gecko) Chrome/100.0.4896.127 Safari/537.36" DataSize=160 HostName=LEGION Ip="::1" Method=GET Path=/api/v1/profile/1 SpendTime="0 ms" status=200
time="2022-04-27 21:33:43" level=info Agent="Mozilla/5.0 (Windows NT 10.0; Win64; x64) AppleWebKit/537.36 (KHTML, like Gecko) Chrome/100.0.4896.127 Safari/537.36" DataSize=49 HostName=LEGION Ip="::1" Method=GET Path="/api/v1/article?pagesize=5&pagenum=1" SpendTime="0 ms" status=200
time="2022-04-27 21:33:48" level=info Agent="Mozilla/5.0 (Windows NT 10.0; Win64; x64) AppleWebKit/537.36 (KHTML, like Gecko) Chrome/100.0.4896.127 Safari/537.36" DataSize=1785 HostName=LEGION Ip="::1" Method=GET Path=/admin SpendTime="0 ms" status=200
time="2022-04-27 21:33:55" level=info Agent="Mozilla/5.0 (Windows NT 10.0; Win64; x64) AppleWebKit/537.36 (KHTML, like Gecko) Chrome/100.0.4896.127 Safari/537.36" DataSize=73 HostName=LEGION Ip="::1" Method=POST Path=/api/v1/login SpendTime="2 ms" status=200
time="2022-04-27 21:33:56" level=info Agent="Mozilla/5.0 (Windows NT 10.0; Win64; x64) AppleWebKit/537.36 (KHTML, like Gecko) Chrome/100.0.4896.127 Safari/537.36" DataSize=73 HostName=LEGION Ip="::1" Method=POST Path=/api/v1/login SpendTime="0 ms" status=200
time="2022-04-27 21:33:56" level=info Agent="Mozilla/5.0 (Windows NT 10.0; Win64; x64) AppleWebKit/537.36 (KHTML, like Gecko) Chrome/100.0.4896.127 Safari/537.36" DataSize=73 HostName=LEGION Ip="::1" Method=POST Path=/api/v1/login SpendTime="0 ms" status=200
time="2022-04-27 21:33:56" level=info Agent="Mozilla/5.0 (Windows NT 10.0; Win64; x64) AppleWebKit/537.36 (KHTML, like Gecko) Chrome/100.0.4896.127 Safari/537.36" DataSize=73 HostName=LEGION Ip="::1" Method=POST Path=/api/v1/login SpendTime="0 ms" status=200
time="2022-04-27 21:33:56" level=info Agent="Mozilla/5.0 (Windows NT 10.0; Win64; x64) AppleWebKit/537.36 (KHTML, like Gecko) Chrome/100.0.4896.127 Safari/537.36" DataSize=73 HostName=LEGION Ip="::1" Method=POST Path=/api/v1/login SpendTime="1 ms" status=200
time="2022-04-27 21:34:00" level=info Agent="Mozilla/5.0 (Windows NT 10.0; Win64; x64) AppleWebKit/537.36 (KHTML, like Gecko) Chrome/100.0.4896.127 Safari/537.36" DataSize=73 HostName=LEGION Ip="::1" Method=POST Path=/api/v1/login SpendTime="0 ms" status=200
time="2022-04-27 21:38:44" level=info Agent="Mozilla/5.0 (Windows NT 10.0; Win64; x64) AppleWebKit/537.36 (KHTML, like Gecko) Chrome/100.0.4896.127 Safari/537.36" DataSize=1579 HostName=LEGION Ip="::1" Method=GET Path=/ SpendTime="0 ms" status=200
time="2022-04-27 21:38:45" level=info Agent="Mozilla/5.0 (Windows NT 10.0; Win64; x64) AppleWebKit/537.36 (KHTML, like Gecko) Chrome/100.0.4896.127 Safari/537.36" DataSize=49 HostName=LEGION Ip="::1" Method=GET Path=/api/v1/category SpendTime="1 ms" status=200
time="2022-04-27 21:38:45" level=info Agent="Mozilla/5.0 (Windows NT 10.0; Win64; x64) AppleWebKit/537.36 (KHTML, like Gecko) Chrome/100.0.4896.127 Safari/537.36" DataSize=160 HostName=LEGION Ip="::1" Method=GET Path=/api/v1/profile/1 SpendTime="0 ms" status=200
time="2022-04-27 21:38:45" level=info Agent="Mozilla/5.0 (Windows NT 10.0; Win64; x64) AppleWebKit/537.36 (KHTML, like Gecko) Chrome/100.0.4896.127 Safari/537.36" DataSize=49 HostName=LEGION Ip="::1" Method=GET Path="/api/v1/article?pagesize=5&pagenum=1" SpendTime="1 ms" status=200
time="2022-04-27 21:38:45" level=warning Agent="Mozilla/5.0 (Windows NT 10.0; Win64; x64) AppleWebKit/537.36 (KHTML, like Gecko) Chrome/100.0.4896.127 Safari/537.36" DataSize=19 HostName=LEGION Ip="::1" Method=GET Path=/favicon.ico SpendTime="0 ms" status=404
time="2022-04-27 21:39:00" level=info Agent="Mozilla/5.0 (Windows NT 10.0; Win64; x64) AppleWebKit/537.36 (KHTML, like Gecko) Chrome/100.0.4896.127 Safari/537.36" DataSize=29 HostName=LEGION Ip="::1" Method=POST Path=/api/v1/user/add SpendTime="103 ms" status=200
time="2022-04-27 21:39:00" level=info Agent="Mozilla/5.0 (Windows NT 10.0; Win64; x64) AppleWebKit/537.36 (KHTML, like Gecko) Chrome/100.0.4896.127 Safari/537.36" DataSize=1579 HostName=LEGION Ip="::1" Method=GET Path=/ SpendTime="0 ms" status=200
time="2022-04-27 21:39:00" level=info Agent="Mozilla/5.0 (Windows NT 10.0; Win64; x64) AppleWebKit/537.36 (KHTML, like Gecko) Chrome/100.0.4896.127 Safari/537.36" DataSize=49 HostName=LEGION Ip="::1" Method=GET Path=/api/v1/category SpendTime="0 ms" status=200
time="2022-04-27 21:39:00" level=info Agent="Mozilla/5.0 (Windows NT 10.0; Win64; x64) AppleWebKit/537.36 (KHTML, like Gecko) Chrome/100.0.4896.127 Safari/537.36" DataSize=160 HostName=LEGION Ip="::1" Method=GET Path=/api/v1/profile/1 SpendTime="0 ms" status=200
time="2022-04-27 21:39:00" level=info Agent="Mozilla/5.0 (Windows NT 10.0; Win64; x64) AppleWebKit/537.36 (KHTML, like Gecko) Chrome/100.0.4896.127 Safari/537.36" DataSize=49 HostName=LEGION Ip="::1" Method=GET Path="/api/v1/article?pagesize=5&pagenum=1" SpendTime="1 ms" status=200
time="2022-04-27 21:39:14" level=info Agent="Mozilla/5.0 (Windows NT 10.0; Win64; x64) AppleWebKit/537.36 (KHTML, like Gecko) Chrome/100.0.4896.127 Safari/537.36" DataSize=60 HostName=LEGION Ip="::1" Method=POST Path=/api/v1/loginfront SpendTime="2 ms" status=200
time="2022-04-27 21:43:49" level=info Agent="Mozilla/5.0 (Windows NT 10.0; Win64; x64) AppleWebKit/537.36 (KHTML, like Gecko) Chrome/100.0.4896.127 Safari/537.36" DataSize=1785 HostName=LEGION Ip="::1" Method=GET Path=/admin SpendTime="0 ms" status=200
time="2022-04-27 21:43:55" level=info Agent="Mozilla/5.0 (Windows NT 10.0; Win64; x64) AppleWebKit/537.36 (KHTML, like Gecko) Chrome/100.0.4896.127 Safari/537.36" DataSize=73 HostName=LEGION Ip="::1" Method=POST Path=/api/v1/login SpendTime="3 ms" status=200
time="2022-04-27 21:49:38" level=info Agent="Mozilla/5.0 (Windows NT 10.0; Win64; x64) AppleWebKit/537.36 (KHTML, like Gecko) Chrome/100.0.4896.127 Safari/537.36" DataSize=1785 HostName=LEGION Ip="::1" Method=GET Path=/admin SpendTime="0 ms" status=200
time="2022-04-27 21:49:44" level=info Agent="Mozilla/5.0 (Windows NT 10.0; Win64; x64) AppleWebKit/537.36 (KHTML, like Gecko) Chrome/100.0.4896.127 Safari/537.36" DataSize=237 HostName=LEGION Ip="::1" Method=POST Path=/api/v1/login SpendTime="52 ms" status=200
time="2022-04-27 22:34:52" level=info Agent="Mozilla/5.0 (Windows NT 10.0; Win64; x64) AppleWebKit/537.36 (KHTML, like Gecko) Chrome/100.0.4896.127 Safari/537.36" DataSize=1579 HostName=LEGION Ip="::1" Method=GET Path=/ SpendTime="0 ms" status=200
time="2022-04-27 22:34:52" level=info Agent="Mozilla/5.0 (Windows NT 10.0; Win64; x64) AppleWebKit/537.36 (KHTML, like Gecko) Chrome/100.0.4896.127 Safari/537.36" DataSize=49 HostName=LEGION Ip="::1" Method=GET Path=/api/v1/category SpendTime="1 ms" status=200
time="2022-04-27 22:34:52" level=info Agent="Mozilla/5.0 (Windows NT 10.0; Win64; x64) AppleWebKit/537.36 (KHTML, like Gecko) Chrome/100.0.4896.127 Safari/537.36" DataSize=160 HostName=LEGION Ip="::1" Method=GET Path=/api/v1/profile/1 SpendTime="0 ms" status=200
time="2022-04-27 22:34:52" level=info Agent="Mozilla/5.0 (Windows NT 10.0; Win64; x64) AppleWebKit/537.36 (KHTML, like Gecko) Chrome/100.0.4896.127 Safari/537.36" DataSize=49 HostName=LEGION Ip="::1" Method=GET Path="/api/v1/article?pagesize=5&pagenum=1" SpendTime="1 ms" status=200
time="2022-04-27 22:34:52" level=warning Agent="Mozilla/5.0 (Windows NT 10.0; Win64; x64) AppleWebKit/537.36 (KHTML, like Gecko) Chrome/100.0.4896.127 Safari/537.36" DataSize=19 HostName=LEGION Ip="::1" Method=GET Path=/favicon.ico SpendTime="1 ms" status=404
time="2022-04-27 22:35:13" level=info Agent="Mozilla/5.0 (Windows NT 10.0; Win64; x64) AppleWebKit/537.36 (KHTML, like Gecko) Chrome/100.0.4896.127 Safari/537.36" DataSize=29 HostName=LEGION Ip="::1" Method=POST Path=/api/v1/user/add SpendTime="107 ms" status=200
time="2022-04-27 22:35:13" level=info Agent="Mozilla/5.0 (Windows NT 10.0; Win64; x64) AppleWebKit/537.36 (KHTML, like Gecko) Chrome/100.0.4896.127 Safari/537.36" DataSize=1579 HostName=LEGION Ip="::1" Method=GET Path=/ SpendTime="0 ms" status=200
time="2022-04-27 22:35:13" level=info Agent="Mozilla/5.0 (Windows NT 10.0; Win64; x64) AppleWebKit/537.36 (KHTML, like Gecko) Chrome/100.0.4896.127 Safari/537.36" DataSize=49 HostName=LEGION Ip="::1" Method=GET Path=/api/v1/category SpendTime="1 ms" status=200
time="2022-04-27 22:35:13" level=info Agent="Mozilla/5.0 (Windows NT 10.0; Win64; x64) AppleWebKit/537.36 (KHTML, like Gecko) Chrome/100.0.4896.127 Safari/537.36" DataSize=160 HostName=LEGION Ip="::1" Method=GET Path=/api/v1/profile/1 SpendTime="1 ms" status=200
time="2022-04-27 22:35:13" level=info Agent="Mozilla/5.0 (Windows NT 10.0; Win64; x64) AppleWebKit/537.36 (KHTML, like Gecko) Chrome/100.0.4896.127 Safari/537.36" DataSize=49 HostName=LEGION Ip="::1" Method=GET Path="/api/v1/article?pagesize=5&pagenum=1" SpendTime="0 ms" status=200
time="2022-04-27 22:35:23" level=info Agent="Mozilla/5.0 (Windows NT 10.0; Win64; x64) AppleWebKit/537.36 (KHTML, like Gecko) Chrome/100.0.4896.127 Safari/537.36" DataSize=63 HostName=LEGION Ip="::1" Method=POST Path=/api/v1/loginfront SpendTime="53 ms" status=200
time="2022-04-27 22:35:24" level=info Agent="Mozilla/5.0 (Windows NT 10.0; Win64; x64) AppleWebKit/537.36 (KHTML, like Gecko) Chrome/100.0.4896.127 Safari/537.36" DataSize=63 HostName=LEGION Ip="::1" Method=POST Path=/api/v1/loginfront SpendTime="49 ms" status=200
time="2022-04-27 22:35:24" level=info Agent="Mozilla/5.0 (Windows NT 10.0; Win64; x64) AppleWebKit/537.36 (KHTML, like Gecko) Chrome/100.0.4896.127 Safari/537.36" DataSize=63 HostName=LEGION Ip="::1" Method=POST Path=/api/v1/loginfront SpendTime="52 ms" status=200
time="2022-04-27 22:35:24" level=info Agent="Mozilla/5.0 (Windows NT 10.0; Win64; x64) AppleWebKit/537.36 (KHTML, like Gecko) Chrome/100.0.4896.127 Safari/537.36" DataSize=63 HostName=LEGION Ip="::1" Method=POST Path=/api/v1/loginfront SpendTime="52 ms" status=200
time="2022-04-27 22:35:33" level=info Agent="Mozilla/5.0 (Windows NT 10.0; Win64; x64) AppleWebKit/537.36 (KHTML, like Gecko) Chrome/100.0.4896.127 Safari/537.36" DataSize=63 HostName=LEGION Ip="::1" Method=POST Path=/api/v1/loginfront SpendTime="50 ms" status=200
time="2022-04-27 22:36:09" level=info Agent="Mozilla/5.0 (Windows NT 10.0; Win64; x64) AppleWebKit/537.36 (KHTML, like Gecko) Chrome/100.0.4896.127 Safari/537.36" DataSize=63 HostName=LEGION Ip="::1" Method=POST Path=/api/v1/loginfront SpendTime="51 ms" status=200
time="2022-04-27 22:36:09" level=info Agent="Mozilla/5.0 (Windows NT 10.0; Win64; x64) AppleWebKit/537.36 (KHTML, like Gecko) Chrome/100.0.4896.127 Safari/537.36" DataSize=63 HostName=LEGION Ip="::1" Method=POST Path=/api/v1/loginfront SpendTime="51 ms" status=200
time="2022-04-27 22:36:10" level=info Agent="Mozilla/5.0 (Windows NT 10.0; Win64; x64) AppleWebKit/537.36 (KHTML, like Gecko) Chrome/100.0.4896.127 Safari/537.36" DataSize=63 HostName=LEGION Ip="::1" Method=POST Path=/api/v1/loginfront SpendTime="51 ms" status=200
time="2022-04-27 22:36:22" level=info Agent="Mozilla/5.0 (Windows NT 10.0; Win64; x64) AppleWebKit/537.36 (KHTML, like Gecko) Chrome/100.0.4896.127 Safari/537.36" DataSize=63 HostName=LEGION Ip="::1" Method=POST Path=/api/v1/loginfront SpendTime="53 ms" status=200
time="2022-04-27 22:36:28" level=info Agent="Mozilla/5.0 (Windows NT 10.0; Win64; x64) AppleWebKit/537.36 (KHTML, like Gecko) Chrome/100.0.4896.127 Safari/537.36" DataSize=63 HostName=LEGION Ip="::1" Method=POST Path=/api/v1/loginfront SpendTime="51 ms" status=200
time="2022-04-27 22:36:46" level=info Agent="Mozilla/5.0 (Windows NT 10.0; Win64; x64) AppleWebKit/537.36 (KHTML, like Gecko) Chrome/100.0.4896.127 Safari/537.36" DataSize=49 HostName=LEGION Ip="::1" Method=POST Path=/api/v1/user/add SpendTime="2 ms" status=200
time="2022-04-27 22:37:10" level=info Agent="Mozilla/5.0 (Windows NT 10.0; Win64; x64) AppleWebKit/537.36 (KHTML, like Gecko) Chrome/100.0.4896.127 Safari/537.36" DataSize=29 HostName=LEGION Ip="::1" Method=POST Path=/api/v1/user/add SpendTime="115 ms" status=200
time="2022-04-27 22:37:10" level=info Agent="Mozilla/5.0 (Windows NT 10.0; Win64; x64) AppleWebKit/537.36 (KHTML, like Gecko) Chrome/100.0.4896.127 Safari/537.36" DataSize=1579 HostName=LEGION Ip="::1" Method=GET Path=/ SpendTime="0 ms" status=200
time="2022-04-27 22:37:10" level=info Agent="Mozilla/5.0 (Windows NT 10.0; Win64; x64) AppleWebKit/537.36 (KHTML, like Gecko) Chrome/100.0.4896.127 Safari/537.36" DataSize=49 HostName=LEGION Ip="::1" Method=GET Path=/api/v1/category SpendTime="0 ms" status=200
time="2022-04-27 22:37:10" level=info Agent="Mozilla/5.0 (Windows NT 10.0; Win64; x64) AppleWebKit/537.36 (KHTML, like Gecko) Chrome/100.0.4896.127 Safari/537.36" DataSize=160 HostName=LEGION Ip="::1" Method=GET Path=/api/v1/profile/1 SpendTime="0 ms" status=200
time="2022-04-27 22:37:10" level=info Agent="Mozilla/5.0 (Windows NT 10.0; Win64; x64) AppleWebKit/537.36 (KHTML, like Gecko) Chrome/100.0.4896.127 Safari/537.36" DataSize=49 HostName=LEGION Ip="::1" Method=GET Path="/api/v1/article?pagesize=5&pagenum=1" SpendTime="1 ms" status=200
time="2022-04-27 22:37:20" level=info Agent="Mozilla/5.0 (Windows NT 10.0; Win64; x64) AppleWebKit/537.36 (KHTML, like Gecko) Chrome/100.0.4896.127 Safari/537.36" DataSize=65 HostName=LEGION Ip="::1" Method=POST Path=/api/v1/loginfront SpendTime="51 ms" status=200
time="2022-04-27 22:37:26" level=info Agent="Mozilla/5.0 (Windows NT 10.0; Win64; x64) AppleWebKit/537.36 (KHTML, like Gecko) Chrome/100.0.4896.127 Safari/537.36" DataSize=65 HostName=LEGION Ip="::1" Method=POST Path=/api/v1/loginfront SpendTime="53 ms" status=200
time="2022-04-27 22:37:56" level=info Agent="Mozilla/5.0 (Windows NT 10.0; Win64; x64) AppleWebKit/537.36 (KHTML, like Gecko) Chrome/100.0.4896.127 Safari/537.36" DataSize=1785 HostName=LEGION Ip="::1" Method=GET Path=/admin SpendTime="0 ms" status=200
time="2022-04-27 22:38:02" level=info Agent="Mozilla/5.0 (Windows NT 10.0; Win64; x64) AppleWebKit/537.36 (KHTML, like Gecko) Chrome/100.0.4896.127 Safari/537.36" DataSize=237 HostName=LEGION Ip="::1" Method=POST Path=/api/v1/login SpendTime="50 ms" status=200
time="2022-04-27 22:38:06" level=info Agent="Mozilla/5.0 (Windows NT 10.0; Win64; x64) AppleWebKit/537.36 (KHTML, like Gecko) Chrome/100.0.4896.127 Safari/537.36" DataSize=49 HostName=LEGION Ip="::1" Method=GET Path="/api/v1/admin/article?title=&pagesize=5&pagenum=1" SpendTime="1 ms" status=200
time="2022-04-27 22:38:06" level=info Agent="Mozilla/5.0 (Windows NT 10.0; Win64; x64) AppleWebKit/537.36 (KHTML, like Gecko) Chrome/100.0.4896.127 Safari/537.36" DataSize=49 HostName=LEGION Ip="::1" Method=GET Path=/api/v1/category SpendTime="1 ms" status=200
time="2022-04-27 22:38:07" level=info Agent="Mozilla/5.0 (Windows NT 10.0; Win64; x64) AppleWebKit/537.36 (KHTML, like Gecko) Chrome/100.0.4896.127 Safari/537.36" DataSize=49 HostName=LEGION Ip="::1" Method=GET Path="/api/v1/comment/list?pagesize=10&pagenum=1" SpendTime="1 ms" status=200
time="2022-04-27 22:38:07" level=info Agent="Mozilla/5.0 (Windows NT 10.0; Win64; x64) AppleWebKit/537.36 (KHTML, like Gecko) Chrome/100.0.4896.127 Safari/537.36" DataSize=49 HostName=LEGION Ip="::1" Method=GET Path=/api/v1/admin/category SpendTime="0 ms" status=200
time="2022-04-27 22:38:08" level=info Agent="Mozilla/5.0 (Windows NT 10.0; Win64; x64) AppleWebKit/537.36 (KHTML, like Gecko) Chrome/100.0.4896.127 Safari/537.36" DataSize=492 HostName=LEGION Ip="::1" Method=GET Path="/api/v1/admin/users?username=&pagesize=5&pagenum=1" SpendTime="0 ms" status=200
time="2022-04-27 22:38:31" level=info Agent="Mozilla/5.0 (Windows NT 10.0; Win64; x64) AppleWebKit/537.36 (KHTML, like Gecko) Chrome/100.0.4896.127 Safari/537.36" DataSize=1579 HostName=LEGION Ip="::1" Method=GET Path=/ SpendTime="0 ms" status=200
time="2022-04-27 22:38:31" level=info Agent="Mozilla/5.0 (Windows NT 10.0; Win64; x64) AppleWebKit/537.36 (KHTML, like Gecko) Chrome/100.0.4896.127 Safari/537.36" DataSize=49 HostName=LEGION Ip="::1" Method=GET Path=/api/v1/category SpendTime="2 ms" status=200
time="2022-04-27 22:38:31" level=info Agent="Mozilla/5.0 (Windows NT 10.0; Win64; x64) AppleWebKit/537.36 (KHTML, like Gecko) Chrome/100.0.4896.127 Safari/537.36" DataSize=160 HostName=LEGION Ip="::1" Method=GET Path=/api/v1/profile/1 SpendTime="2 ms" status=200
time="2022-04-27 22:38:31" level=info Agent="Mozilla/5.0 (Windows NT 10.0; Win64; x64) AppleWebKit/537.36 (KHTML, like Gecko) Chrome/100.0.4896.127 Safari/537.36" DataSize=49 HostName=LEGION Ip="::1" Method=GET Path="/api/v1/article?pagesize=5&pagenum=1" SpendTime="1 ms" status=200
time="2022-04-27 22:38:58" level=info Agent="Mozilla/5.0 (Windows NT 10.0; Win64; x64) AppleWebKit/537.36 (KHTML, like Gecko) Chrome/100.0.4896.127 Safari/537.36" DataSize=77 HostName=LEGION Ip="::1" Method=GET Path=/api/v1/user/2 SpendTime="2 ms" status=200
time="2022-04-27 22:39:00" level=info Agent="Mozilla/5.0 (Windows NT 10.0; Win64; x64) AppleWebKit/537.36 (KHTML, like Gecko) Chrome/100.0.4896.127 Safari/537.36" DataSize=77 HostName=LEGION Ip="::1" Method=GET Path=/api/v1/user/2 SpendTime="1 ms" status=200
time="2022-04-27 22:39:19" level=info Agent="Mozilla/5.0 (Windows NT 10.0; Win64; x64) AppleWebKit/537.36 (KHTML, like Gecko) Chrome/100.0.4896.127 Safari/537.36" DataSize=29 HostName=LEGION Ip="::1" Method=PUT Path=/api/v1/admin/changepw/2 SpendTime="64 ms" status=200
time="2022-04-27 22:39:19" level=info Agent="Mozilla/5.0 (Windows NT 10.0; Win64; x64) AppleWebKit/537.36 (KHTML, like Gecko) Chrome/100.0.4896.127 Safari/537.36" DataSize=492 HostName=LEGION Ip="::1" Method=GET Path="/api/v1/admin/users?username=&pagesize=5&pagenum=1" SpendTime="0 ms" status=200
time="2022-04-27 22:39:29" level=info Agent="Mozilla/5.0 (Windows NT 10.0; Win64; x64) AppleWebKit/537.36 (KHTML, like Gecko) Chrome/100.0.4896.127 Safari/537.36" DataSize=52 HostName=LEGION Ip="::1" Method=POST Path=/api/v1/loginfront SpendTime="50 ms" status=200
time="2022-04-27 22:39:29" level=info Agent="Mozilla/5.0 (Windows NT 10.0; Win64; x64) AppleWebKit/537.36 (KHTML, like Gecko) Chrome/100.0.4896.127 Safari/537.36" DataSize=1579 HostName=LEGION Ip="::1" Method=GET Path=/ SpendTime="0 ms" status=200
time="2022-04-27 22:39:29" level=info Agent="Mozilla/5.0 (Windows NT 10.0; Win64; x64) AppleWebKit/537.36 (KHTML, like Gecko) Chrome/100.0.4896.127 Safari/537.36" DataSize=49 HostName=LEGION Ip="::1" Method=GET Path=/api/v1/category SpendTime="2 ms" status=200
time="2022-04-27 22:39:29" level=info Agent="Mozilla/5.0 (Windows NT 10.0; Win64; x64) AppleWebKit/537.36 (KHTML, like Gecko) Chrome/100.0.4896.127 Safari/537.36" DataSize=160 HostName=LEGION Ip="::1" Method=GET Path=/api/v1/profile/1 SpendTime="0 ms" status=200
time="2022-04-27 22:39:29" level=info Agent="Mozilla/5.0 (Windows NT 10.0; Win64; x64) AppleWebKit/537.36 (KHTML, like Gecko) Chrome/100.0.4896.127 Safari/537.36" DataSize=49 HostName=LEGION Ip="::1" Method=GET Path="/api/v1/article?pagesize=5&pagenum=1" SpendTime="0 ms" status=200
time="2022-04-27 22:40:02" level=info Agent="Mozilla/5.0 (Windows NT 10.0; Win64; x64) AppleWebKit/537.36 (KHTML, like Gecko) Chrome/100.0.4896.127 Safari/537.36" DataSize=29 HostName=LEGION Ip="::1" Method=DELETE Path=/api/v1/user/3 SpendTime="3 ms" status=200
time="2022-04-27 22:40:02" level=info Agent="Mozilla/5.0 (Windows NT 10.0; Win64; x64) AppleWebKit/537.36 (KHTML, like Gecko) Chrome/100.0.4896.127 Safari/537.36" DataSize=343 HostName=LEGION Ip="::1" Method=GET Path="/api/v1/admin/users?username=&pagesize=5&pagenum=1" SpendTime="0 ms" status=200
time="2022-04-27 22:40:16" level=info Agent="Mozilla/5.0 (Windows NT 10.0; Win64; x64) AppleWebKit/537.36 (KHTML, like Gecko) Chrome/100.0.4896.127 Safari/537.36" DataSize=76 HostName=LEGION Ip="::1" Method=GET Path=/api/v1/user/1 SpendTime="1 ms" status=200
time="2022-04-27 22:40:19" level=info Agent="Mozilla/5.0 (Windows NT 10.0; Win64; x64) AppleWebKit/537.36 (KHTML, like Gecko) Chrome/100.0.4896.127 Safari/537.36" DataSize=49 HostName=LEGION Ip="::1" Method=PUT Path=/api/v1/user/1 SpendTime="0 ms" status=200
time="2022-04-27 22:40:21" level=info Agent="Mozilla/5.0 (Windows NT 10.0; Win64; x64) AppleWebKit/537.36 (KHTML, like Gecko) Chrome/100.0.4896.127 Safari/537.36" DataSize=77 HostName=LEGION Ip="::1" Method=GET Path=/api/v1/user/2 SpendTime="0 ms" status=200
time="2022-04-27 22:40:24" level=info Agent="Mozilla/5.0 (Windows NT 10.0; Win64; x64) AppleWebKit/537.36 (KHTML, like Gecko) Chrome/100.0.4896.127 Safari/537.36" DataSize=160 HostName=LEGION Ip="::1" Method=GET Path=/api/v1/admin/profile/1 SpendTime="1 ms" status=200
time="2022-04-27 22:40:39" level=info Agent="Mozilla/5.0 (Windows NT 10.0; Win64; x64) AppleWebKit/537.36 (KHTML, like Gecko) Chrome/100.0.4896.127 Safari/537.36" DataSize=237 HostName=LEGION Ip="::1" Method=POST Path=/api/v1/login SpendTime="52 ms" status=200
time="2022-04-27 22:40:52" level=info Agent="Mozilla/5.0 (Windows NT 10.0; Win64; x64) AppleWebKit/537.36 (KHTML, like Gecko) Chrome/100.0.4896.127 Safari/537.36" DataSize=1579 HostName=LEGION Ip="::1" Method=GET Path=/ SpendTime="0 ms" status=200
time="2022-04-27 22:40:53" level=info Agent="Mozilla/5.0 (Windows NT 10.0; Win64; x64) AppleWebKit/537.36 (KHTML, like Gecko) Chrome/100.0.4896.127 Safari/537.36" DataSize=49 HostName=LEGION Ip="::1" Method=GET Path=/api/v1/category SpendTime="2 ms" status=200
time="2022-04-27 22:40:53" level=info Agent="Mozilla/5.0 (Windows NT 10.0; Win64; x64) AppleWebKit/537.36 (KHTML, like Gecko) Chrome/100.0.4896.127 Safari/537.36" DataSize=160 HostName=LEGION Ip="::1" Method=GET Path=/api/v1/profile/1 SpendTime="1 ms" status=200
time="2022-04-27 22:40:53" level=info Agent="Mozilla/5.0 (Windows NT 10.0; Win64; x64) AppleWebKit/537.36 (KHTML, like Gecko) Chrome/100.0.4896.127 Safari/537.36" DataSize=49 HostName=LEGION Ip="::1" Method=GET Path="/api/v1/article?pagesize=5&pagenum=1" SpendTime="1 ms" status=200
time="2022-04-27 22:41:14" level=info Agent="Mozilla/5.0 (Windows NT 10.0; Win64; x64) AppleWebKit/537.36 (KHTML, like Gecko) Chrome/100.0.4896.127 Safari/537.36" DataSize=29 HostName=LEGION Ip="::1" Method=POST Path=/api/v1/user/add SpendTime="104 ms" status=200
time="2022-04-27 22:41:14" level=info Agent="Mozilla/5.0 (Windows NT 10.0; Win64; x64) AppleWebKit/537.36 (KHTML, like Gecko) Chrome/100.0.4896.127 Safari/537.36" DataSize=1579 HostName=LEGION Ip="::1" Method=GET Path=/ SpendTime="0 ms" status=200
time="2022-04-27 22:41:14" level=info Agent="Mozilla/5.0 (Windows NT 10.0; Win64; x64) AppleWebKit/537.36 (KHTML, like Gecko) Chrome/100.0.4896.127 Safari/537.36" DataSize=49 HostName=LEGION Ip="::1" Method=GET Path=/api/v1/category SpendTime="0 ms" status=200
time="2022-04-27 22:41:14" level=info Agent="Mozilla/5.0 (Windows NT 10.0; Win64; x64) AppleWebKit/537.36 (KHTML, like Gecko) Chrome/100.0.4896.127 Safari/537.36" DataSize=160 HostName=LEGION Ip="::1" Method=GET Path=/api/v1/profile/1 SpendTime="0 ms" status=200
time="2022-04-27 22:41:14" level=info Agent="Mozilla/5.0 (Windows NT 10.0; Win64; x64) AppleWebKit/537.36 (KHTML, like Gecko) Chrome/100.0.4896.127 Safari/537.36" DataSize=49 HostName=LEGION Ip="::1" Method=GET Path="/api/v1/article?pagesize=5&pagenum=1" SpendTime="1 ms" status=200
time="2022-04-27 22:41:23" level=info Agent="Mozilla/5.0 (Windows NT 10.0; Win64; x64) AppleWebKit/537.36 (KHTML, like Gecko) Chrome/100.0.4896.127 Safari/537.36" DataSize=62 HostName=LEGION Ip="::1" Method=POST Path=/api/v1/loginfront SpendTime="50 ms" status=200
time="2022-04-27 22:41:24" level=info Agent="Mozilla/5.0 (Windows NT 10.0; Win64; x64) AppleWebKit/537.36 (KHTML, like Gecko) Chrome/100.0.4896.127 Safari/537.36" DataSize=62 HostName=LEGION Ip="::1" Method=POST Path=/api/v1/loginfront SpendTime="51 ms" status=200
time="2022-04-27 22:41:24" level=info Agent="Mozilla/5.0 (Windows NT 10.0; Win64; x64) AppleWebKit/537.36 (KHTML, like Gecko) Chrome/100.0.4896.127 Safari/537.36" DataSize=62 HostName=LEGION Ip="::1" Method=POST Path=/api/v1/loginfront SpendTime="54 ms" status=200
time="2022-04-27 22:41:24" level=info Agent="Mozilla/5.0 (Windows NT 10.0; Win64; x64) AppleWebKit/537.36 (KHTML, like Gecko) Chrome/100.0.4896.127 Safari/537.36" DataSize=62 HostName=LEGION Ip="::1" Method=POST Path=/api/v1/loginfront SpendTime="50 ms" status=200
time="2022-04-27 22:42:05" level=info Agent="Mozilla/5.0 (Windows NT 10.0; Win64; x64) AppleWebKit/537.36 (KHTML, like Gecko) Chrome/100.0.4896.127 Safari/537.36" DataSize=52 HostName=LEGION Ip="::1" Method=POST Path=/api/v1/loginfront SpendTime="51 ms" status=200
time="2022-04-27 22:42:05" level=info Agent="Mozilla/5.0 (Windows NT 10.0; Win64; x64) AppleWebKit/537.36 (KHTML, like Gecko) Chrome/100.0.4896.127 Safari/537.36" DataSize=1579 HostName=LEGION Ip="::1" Method=GET Path=/ SpendTime="0 ms" status=200
time="2022-04-27 22:42:05" level=info Agent="Mozilla/5.0 (Windows NT 10.0; Win64; x64) AppleWebKit/537.36 (KHTML, like Gecko) Chrome/100.0.4896.127 Safari/537.36" DataSize=49 HostName=LEGION Ip="::1" Method=GET Path=/api/v1/category SpendTime="0 ms" status=200
time="2022-04-27 22:42:05" level=info Agent="Mozilla/5.0 (Windows NT 10.0; Win64; x64) AppleWebKit/537.36 (KHTML, like Gecko) Chrome/100.0.4896.127 Safari/537.36" DataSize=160 HostName=LEGION Ip="::1" Method=GET Path=/api/v1/profile/1 SpendTime="0 ms" status=200
time="2022-04-27 22:42:05" level=info Agent="Mozilla/5.0 (Windows NT 10.0; Win64; x64) AppleWebKit/537.36 (KHTML, like Gecko) Chrome/100.0.4896.127 Safari/537.36" DataSize=49 HostName=LEGION Ip="::1" Method=GET Path="/api/v1/article?pagesize=5&pagenum=1" SpendTime="1 ms" status=200
time="2022-04-27 22:42:40" level=info Agent="Mozilla/5.0 (Windows NT 10.0; Win64; x64) AppleWebKit/537.36 (KHTML, like Gecko) Chrome/100.0.4896.127 Safari/537.36" DataSize=49 HostName=LEGION Ip="::1" Method=GET Path="/api/v1/comment/list?pagesize=10&pagenum=1" SpendTime="2 ms" status=200
time="2022-04-27 22:42:41" level=info Agent="Mozilla/5.0 (Windows NT 10.0; Win64; x64) AppleWebKit/537.36 (KHTML, like Gecko) Chrome/100.0.4896.127 Safari/537.36" DataSize=49 HostName=LEGION Ip="::1" Method=GET Path=/api/v1/admin/category SpendTime="1 ms" status=200
time="2022-04-27 22:42:42" level=info Agent="Mozilla/5.0 (Windows NT 10.0; Win64; x64) AppleWebKit/537.36 (KHTML, like Gecko) Chrome/100.0.4896.127 Safari/537.36" DataSize=490 HostName=LEGION Ip="::1" Method=GET Path="/api/v1/admin/users?username=&pagesize=5&pagenum=1" SpendTime="1 ms" status=200
time="2022-04-27 22:46:58" level=info Agent="Mozilla/5.0 (Windows NT 10.0; Win64; x64) AppleWebKit/537.36 (KHTML, like Gecko) Chrome/100.0.4896.127 Safari/537.36" DataSize=1579 HostName=LEGION Ip="::1" Method=GET Path=/ SpendTime="0 ms" status=200
time="2022-04-27 22:46:58" level=info Agent="Mozilla/5.0 (Windows NT 10.0; Win64; x64) AppleWebKit/537.36 (KHTML, like Gecko) Chrome/100.0.4896.127 Safari/537.36" DataSize=49 HostName=LEGION Ip="::1" Method=GET Path=/api/v1/category SpendTime="1 ms" status=200
time="2022-04-27 22:46:58" level=info Agent="Mozilla/5.0 (Windows NT 10.0; Win64; x64) AppleWebKit/537.36 (KHTML, like Gecko) Chrome/100.0.4896.127 Safari/537.36" DataSize=160 HostName=LEGION Ip="::1" Method=GET Path=/api/v1/profile/1 SpendTime="0 ms" status=200
time="2022-04-27 22:46:58" level=info Agent="Mozilla/5.0 (Windows NT 10.0; Win64; x64) AppleWebKit/537.36 (KHTML, like Gecko) Chrome/100.0.4896.127 Safari/537.36" DataSize=49 HostName=LEGION Ip="::1" Method=GET Path="/api/v1/article?pagesize=5&pagenum=1" SpendTime="1 ms" status=200
time="2022-04-27 22:46:58" level=info Agent="Mozilla/5.0 (Windows NT 10.0; Win64; x64) AppleWebKit/537.36 (KHTML, like Gecko) Chrome/100.0.4896.127 Safari/537.36" DataSize=1579 HostName=LEGION Ip="::1" Method=GET Path=/ SpendTime="0 ms" status=200
time="2022-04-27 22:46:58" level=info Agent="Mozilla/5.0 (Windows NT 10.0; Win64; x64) AppleWebKit/537.36 (KHTML, like Gecko) Chrome/100.0.4896.127 Safari/537.36" DataSize=49 HostName=LEGION Ip="::1" Method=GET Path=/api/v1/category SpendTime="0 ms" status=200
time="2022-04-27 22:46:58" level=info Agent="Mozilla/5.0 (Windows NT 10.0; Win64; x64) AppleWebKit/537.36 (KHTML, like Gecko) Chrome/100.0.4896.127 Safari/537.36" DataSize=160 HostName=LEGION Ip="::1" Method=GET Path=/api/v1/profile/1 SpendTime="0 ms" status=200
time="2022-04-27 22:46:58" level=info Agent="Mozilla/5.0 (Windows NT 10.0; Win64; x64) AppleWebKit/537.36 (KHTML, like Gecko) Chrome/100.0.4896.127 Safari/537.36" DataSize=49 HostName=LEGION Ip="::1" Method=GET Path="/api/v1/article?pagesize=5&pagenum=1" SpendTime="0 ms" status=200
time="2022-04-27 22:46:59" level=info Agent="Mozilla/5.0 (Windows NT 10.0; Win64; x64) AppleWebKit/537.36 (KHTML, like Gecko) Chrome/100.0.4896.127 Safari/537.36" DataSize=1579 HostName=LEGION Ip="::1" Method=GET Path=/ SpendTime="0 ms" status=200
time="2022-04-27 22:46:59" level=info Agent="Mozilla/5.0 (Windows NT 10.0; Win64; x64) AppleWebKit/537.36 (KHTML, like Gecko) Chrome/100.0.4896.127 Safari/537.36" DataSize=49 HostName=LEGION Ip="::1" Method=GET Path=/api/v1/category SpendTime="0 ms" status=200
time="2022-04-27 22:46:59" level=info Agent="Mozilla/5.0 (Windows NT 10.0; Win64; x64) AppleWebKit/537.36 (KHTML, like Gecko) Chrome/100.0.4896.127 Safari/537.36" DataSize=160 HostName=LEGION Ip="::1" Method=GET Path=/api/v1/profile/1 SpendTime="0 ms" status=200
time="2022-04-27 22:46:59" level=info Agent="Mozilla/5.0 (Windows NT 10.0; Win64; x64) AppleWebKit/537.36 (KHTML, like Gecko) Chrome/100.0.4896.127 Safari/537.36" DataSize=49 HostName=LEGION Ip="::1" Method=GET Path="/api/v1/article?pagesize=5&pagenum=1" SpendTime="0 ms" status=200
time="2022-04-27 22:47:11" level=info Agent="Mozilla/5.0 (Windows NT 10.0; Win64; x64) AppleWebKit/537.36 (KHTML, like Gecko) Chrome/100.0.4896.127 Safari/537.36" DataSize=62 HostName=LEGION Ip="::1" Method=POST Path=/api/v1/loginfront SpendTime="52 ms" status=200
time="2022-04-27 22:47:12" level=info Agent="Mozilla/5.0 (Windows NT 10.0; Win64; x64) AppleWebKit/537.36 (KHTML, like Gecko) Chrome/100.0.4896.127 Safari/537.36" DataSize=62 HostName=LEGION Ip="::1" Method=POST Path=/api/v1/loginfront SpendTime="51 ms" status=200
time="2022-04-27 22:47:12" level=info Agent="Mozilla/5.0 (Windows NT 10.0; Win64; x64) AppleWebKit/537.36 (KHTML, like Gecko) Chrome/100.0.4896.127 Safari/537.36" DataSize=62 HostName=LEGION Ip="::1" Method=POST Path=/api/v1/loginfront SpendTime="51 ms" status=200
time="2022-04-27 22:47:12" level=info Agent="Mozilla/5.0 (Windows NT 10.0; Win64; x64) AppleWebKit/537.36 (KHTML, like Gecko) Chrome/100.0.4896.127 Safari/537.36" DataSize=62 HostName=LEGION Ip="::1" Method=POST Path=/api/v1/loginfront SpendTime="50 ms" status=200
time="2022-04-27 22:47:15" level=info Agent="Mozilla/5.0 (Windows NT 10.0; Win64; x64) AppleWebKit/537.36 (KHTML, like Gecko) Chrome/100.0.4896.127 Safari/537.36" DataSize=76 HostName=LEGION Ip="::1" Method=GET Path=/api/v1/user/4 SpendTime="0 ms" status=200
time="2022-04-27 22:47:22" level=info Agent="Mozilla/5.0 (Windows NT 10.0; Win64; x64) AppleWebKit/537.36 (KHTML, like Gecko) Chrome/100.0.4896.127 Safari/537.36" DataSize=29 HostName=LEGION Ip="::1" Method=PUT Path=/api/v1/admin/changepw/4 SpendTime="63 ms" status=200
time="2022-04-27 22:47:22" level=info Agent="Mozilla/5.0 (Windows NT 10.0; Win64; x64) AppleWebKit/537.36 (KHTML, like Gecko) Chrome/100.0.4896.127 Safari/537.36" DataSize=490 HostName=LEGION Ip="::1" Method=GET Path="/api/v1/admin/users?username=&pagesize=5&pagenum=1" SpendTime="0 ms" status=200
time="2022-04-27 22:47:26" level=info Agent="Mozilla/5.0 (Windows NT 10.0; Win64; x64) AppleWebKit/537.36 (KHTML, like Gecko) Chrome/100.0.4896.127 Safari/537.36" DataSize=51 HostName=LEGION Ip="::1" Method=POST Path=/api/v1/loginfront SpendTime="51 ms" status=200
time="2022-04-27 22:47:26" level=info Agent="Mozilla/5.0 (Windows NT 10.0; Win64; x64) AppleWebKit/537.36 (KHTML, like Gecko) Chrome/100.0.4896.127 Safari/537.36" DataSize=1579 HostName=LEGION Ip="::1" Method=GET Path=/ SpendTime="0 ms" status=200
time="2022-04-27 22:47:26" level=info Agent="Mozilla/5.0 (Windows NT 10.0; Win64; x64) AppleWebKit/537.36 (KHTML, like Gecko) Chrome/100.0.4896.127 Safari/537.36" DataSize=49 HostName=LEGION Ip="::1" Method=GET Path=/api/v1/category SpendTime="0 ms" status=200
time="2022-04-27 22:47:26" level=info Agent="Mozilla/5.0 (Windows NT 10.0; Win64; x64) AppleWebKit/537.36 (KHTML, like Gecko) Chrome/100.0.4896.127 Safari/537.36" DataSize=160 HostName=LEGION Ip="::1" Method=GET Path=/api/v1/profile/1 SpendTime="0 ms" status=200
time="2022-04-27 22:47:26" level=info Agent="Mozilla/5.0 (Windows NT 10.0; Win64; x64) AppleWebKit/537.36 (KHTML, like Gecko) Chrome/100.0.4896.127 Safari/537.36" DataSize=49 HostName=LEGION Ip="::1" Method=GET Path="/api/v1/article?pagesize=5&pagenum=1" SpendTime="1 ms" status=200
time="2022-04-27 22:49:07" level=info Agent="Mozilla/5.0 (Windows NT 10.0; Win64; x64) AppleWebKit/537.36 (KHTML, like Gecko) Chrome/100.0.4896.127 Safari/537.36" DataSize=1579 HostName=LEGION Ip="::1" Method=GET Path=/ SpendTime="0 ms" status=200
time="2022-04-27 22:49:07" level=info Agent="Mozilla/5.0 (Windows NT 10.0; Win64; x64) AppleWebKit/537.36 (KHTML, like Gecko) Chrome/100.0.4896.127 Safari/537.36" DataSize=49 HostName=LEGION Ip="::1" Method=GET Path=/api/v1/category SpendTime="0 ms" status=200
time="2022-04-27 22:49:07" level=info Agent="Mozilla/5.0 (Windows NT 10.0; Win64; x64) AppleWebKit/537.36 (KHTML, like Gecko) Chrome/100.0.4896.127 Safari/537.36" DataSize=160 HostName=LEGION Ip="::1" Method=GET Path=/api/v1/profile/1 SpendTime="0 ms" status=200
time="2022-04-27 22:49:08" level=info Agent="Mozilla/5.0 (Windows NT 10.0; Win64; x64) AppleWebKit/537.36 (KHTML, like Gecko) Chrome/100.0.4896.127 Safari/537.36" DataSize=49 HostName=LEGION Ip="::1" Method=GET Path="/api/v1/article?pagesize=5&pagenum=1" SpendTime="1 ms" status=200
time="2022-04-27 22:49:08" level=info Agent="Mozilla/5.0 (Windows NT 10.0; Win64; x64) AppleWebKit/537.36 (KHTML, like Gecko) Chrome/100.0.4896.127 Safari/537.36" DataSize=1579 HostName=LEGION Ip="::1" Method=GET Path=/ SpendTime="0 ms" status=200
time="2022-04-27 22:49:08" level=info Agent="Mozilla/5.0 (Windows NT 10.0; Win64; x64) AppleWebKit/537.36 (KHTML, like Gecko) Chrome/100.0.4896.127 Safari/537.36" DataSize=49 HostName=LEGION Ip="::1" Method=GET Path=/api/v1/category SpendTime="0 ms" status=200
time="2022-04-27 22:49:08" level=info Agent="Mozilla/5.0 (Windows NT 10.0; Win64; x64) AppleWebKit/537.36 (KHTML, like Gecko) Chrome/100.0.4896.127 Safari/537.36" DataSize=160 HostName=LEGION Ip="::1" Method=GET Path=/api/v1/profile/1 SpendTime="1 ms" status=200
time="2022-04-27 22:49:08" level=info Agent="Mozilla/5.0 (Windows NT 10.0; Win64; x64) AppleWebKit/537.36 (KHTML, like Gecko) Chrome/100.0.4896.127 Safari/537.36" DataSize=49 HostName=LEGION Ip="::1" Method=GET Path="/api/v1/article?pagesize=5&pagenum=1" SpendTime="0 ms" status=200
time="2022-04-27 22:49:09" level=info Agent="Mozilla/5.0 (Windows NT 10.0; Win64; x64) AppleWebKit/537.36 (KHTML, like Gecko) Chrome/100.0.4896.127 Safari/537.36" DataSize=1579 HostName=LEGION Ip="::1" Method=GET Path=/ SpendTime="0 ms" status=200
time="2022-04-27 22:49:10" level=info Agent="Mozilla/5.0 (Windows NT 10.0; Win64; x64) AppleWebKit/537.36 (KHTML, like Gecko) Chrome/100.0.4896.127 Safari/537.36" DataSize=49 HostName=LEGION Ip="::1" Method=GET Path=/api/v1/category SpendTime="0 ms" status=200
time="2022-04-27 22:49:10" level=info Agent="Mozilla/5.0 (Windows NT 10.0; Win64; x64) AppleWebKit/537.36 (KHTML, like Gecko) Chrome/100.0.4896.127 Safari/537.36" DataSize=160 HostName=LEGION Ip="::1" Method=GET Path=/api/v1/profile/1 SpendTime="0 ms" status=200
time="2022-04-27 22:49:10" level=info Agent="Mozilla/5.0 (Windows NT 10.0; Win64; x64) AppleWebKit/537.36 (KHTML, like Gecko) Chrome/100.0.4896.127 Safari/537.36" DataSize=49 HostName=LEGION Ip="::1" Method=GET Path="/api/v1/article?pagesize=5&pagenum=1" SpendTime="0 ms" status=200
time="2022-04-27 22:49:10" level=info Agent="Mozilla/5.0 (Windows NT 10.0; Win64; x64) AppleWebKit/537.36 (KHTML, like Gecko) Chrome/100.0.4896.127 Safari/537.36" DataSize=1579 HostName=LEGION Ip="::1" Method=GET Path=/ SpendTime="0 ms" status=200
time="2022-04-27 22:49:10" level=info Agent="Mozilla/5.0 (Windows NT 10.0; Win64; x64) AppleWebKit/537.36 (KHTML, like Gecko) Chrome/100.0.4896.127 Safari/537.36" DataSize=49 HostName=LEGION Ip="::1" Method=GET Path=/api/v1/category SpendTime="0 ms" status=200
time="2022-04-27 22:49:10" level=info Agent="Mozilla/5.0 (Windows NT 10.0; Win64; x64) AppleWebKit/537.36 (KHTML, like Gecko) Chrome/100.0.4896.127 Safari/537.36" DataSize=160 HostName=LEGION Ip="::1" Method=GET Path=/api/v1/profile/1 SpendTime="0 ms" status=200
time="2022-04-27 22:49:10" level=info Agent="Mozilla/5.0 (Windows NT 10.0; Win64; x64) AppleWebKit/537.36 (KHTML, like Gecko) Chrome/100.0.4896.127 Safari/537.36" DataSize=49 HostName=LEGION Ip="::1" Method=GET Path="/api/v1/article?pagesize=5&pagenum=1" SpendTime="0 ms" status=200
time="2022-04-27 22:49:11" level=info Agent="Mozilla/5.0 (Windows NT 10.0; Win64; x64) AppleWebKit/537.36 (KHTML, like Gecko) Chrome/100.0.4896.127 Safari/537.36" DataSize=1785 HostName=LEGION Ip="::1" Method=GET Path=/admin SpendTime="0 ms" status=200
time="2022-04-27 22:49:11" level=info Agent="Mozilla/5.0 (Windows NT 10.0; Win64; x64) AppleWebKit/537.36 (KHTML, like Gecko) Chrome/100.0.4896.127 Safari/537.36" DataSize=490 HostName=LEGION Ip="::1" Method=GET Path="/api/v1/admin/users?username=&pagesize=5&pagenum=1" SpendTime="0 ms" status=200
time="2022-04-27 22:49:11" level=info Agent="Mozilla/5.0 (Windows NT 10.0; Win64; x64) AppleWebKit/537.36 (KHTML, like Gecko) Chrome/100.0.4896.127 Safari/537.36" DataSize=9662 HostName=LEGION Ip="::1" Method=GET Path=/admin/favicon.ico SpendTime="97 ms" status=200
time="2022-04-27 22:49:40" level=info Agent="Mozilla/5.0 (Windows NT 10.0; Win64; x64) AppleWebKit/537.36 (KHTML, like Gecko) Chrome/100.0.4896.127 Safari/537.36" DataSize=29 HostName=LEGION Ip="::1" Method=POST Path=/api/v1/user/add SpendTime="105 ms" status=200
time="2022-04-27 22:49:40" level=info Agent="Mozilla/5.0 (Windows NT 10.0; Win64; x64) AppleWebKit/537.36 (KHTML, like Gecko) Chrome/100.0.4896.127 Safari/537.36" DataSize=1579 HostName=LEGION Ip="::1" Method=GET Path=/ SpendTime="0 ms" status=200
time="2022-04-27 22:49:40" level=info Agent="Mozilla/5.0 (Windows NT 10.0; Win64; x64) AppleWebKit/537.36 (KHTML, like Gecko) Chrome/100.0.4896.127 Safari/537.36" DataSize=49 HostName=LEGION Ip="::1" Method=GET Path=/api/v1/category SpendTime="0 ms" status=200
time="2022-04-27 22:49:40" level=info Agent="Mozilla/5.0 (Windows NT 10.0; Win64; x64) AppleWebKit/537.36 (KHTML, like Gecko) Chrome/100.0.4896.127 Safari/537.36" DataSize=160 HostName=LEGION Ip="::1" Method=GET Path=/api/v1/profile/1 SpendTime="0 ms" status=200
time="2022-04-27 22:49:40" level=info Agent="Mozilla/5.0 (Windows NT 10.0; Win64; x64) AppleWebKit/537.36 (KHTML, like Gecko) Chrome/100.0.4896.127 Safari/537.36" DataSize=49 HostName=LEGION Ip="::1" Method=GET Path="/api/v1/article?pagesize=5&pagenum=1" SpendTime="1 ms" status=200
time="2022-04-27 22:49:53" level=info Agent="Mozilla/5.0 (Windows NT 10.0; Win64; x64) AppleWebKit/537.36 (KHTML, like Gecko) Chrome/100.0.4896.127 Safari/537.36" DataSize=72 HostName=LEGION Ip="::1" Method=POST Path=/api/v1/loginfront SpendTime="52 ms" status=200
time="2022-04-27 22:49:53" level=info Agent="Mozilla/5.0 (Windows NT 10.0; Win64; x64) AppleWebKit/537.36 (KHTML, like Gecko) Chrome/100.0.4896.127 Safari/537.36" DataSize=72 HostName=LEGION Ip="::1" Method=POST Path=/api/v1/loginfront SpendTime="50 ms" status=200
time="2022-04-27 22:49:53" level=info Agent="Mozilla/5.0 (Windows NT 10.0; Win64; x64) AppleWebKit/537.36 (KHTML, like Gecko) Chrome/100.0.4896.127 Safari/537.36" DataSize=72 HostName=LEGION Ip="::1" Method=POST Path=/api/v1/loginfront SpendTime="51 ms" status=200
time="2022-04-27 22:49:54" level=info Agent="Mozilla/5.0 (Windows NT 10.0; Win64; x64) AppleWebKit/537.36 (KHTML, like Gecko) Chrome/100.0.4896.127 Safari/537.36" DataSize=72 HostName=LEGION Ip="::1" Method=POST Path=/api/v1/loginfront SpendTime="50 ms" status=200
time="2022-04-27 22:49:55" level=info Agent="Mozilla/5.0 (Windows NT 10.0; Win64; x64) AppleWebKit/537.36 (KHTML, like Gecko) Chrome/100.0.4896.127 Safari/537.36" DataSize=1785 HostName=LEGION Ip="::1" Method=GET Path=/admin SpendTime="0 ms" status=200
time="2022-04-27 22:49:55" level=info Agent="Mozilla/5.0 (Windows NT 10.0; Win64; x64) AppleWebKit/537.36 (KHTML, like Gecko) Chrome/100.0.4896.127 Safari/537.36" DataSize=647 HostName=LEGION Ip="::1" Method=GET Path="/api/v1/admin/users?username=&pagesize=5&pagenum=1" SpendTime="0 ms" status=200
time="2022-04-27 22:55:20" level=info Agent="Mozilla/5.0 (Windows NT 10.0; Win64; x64) AppleWebKit/537.36 (KHTML, like Gecko) Chrome/100.0.4896.127 Safari/537.36" DataSize=1579 HostName=LEGION Ip="::1" Method=GET Path=/ SpendTime="0 ms" status=200
time="2022-04-27 22:55:20" level=info Agent="Mozilla/5.0 (Windows NT 10.0; Win64; x64) AppleWebKit/537.36 (KHTML, like Gecko) Chrome/100.0.4896.127 Safari/537.36" DataSize=49 HostName=LEGION Ip="::1" Method=GET Path=/api/v1/category SpendTime="0 ms" status=200
time="2022-04-27 22:55:20" level=info Agent="Mozilla/5.0 (Windows NT 10.0; Win64; x64) AppleWebKit/537.36 (KHTML, like Gecko) Chrome/100.0.4896.127 Safari/537.36" DataSize=160 HostName=LEGION Ip="::1" Method=GET Path=/api/v1/profile/1 SpendTime="0 ms" status=200
time="2022-04-27 22:55:20" level=info Agent="Mozilla/5.0 (Windows NT 10.0; Win64; x64) AppleWebKit/537.36 (KHTML, like Gecko) Chrome/100.0.4896.127 Safari/537.36" DataSize=49 HostName=LEGION Ip="::1" Method=GET Path="/api/v1/article?pagesize=5&pagenum=1" SpendTime="1 ms" status=200
time="2022-04-27 22:55:31" level=info Agent="Mozilla/5.0 (Windows NT 10.0; Win64; x64) AppleWebKit/537.36 (KHTML, like Gecko) Chrome/100.0.4896.127 Safari/537.36" DataSize=29 HostName=LEGION Ip="::1" Method=POST Path=/api/v1/user/add SpendTime="116 ms" status=200
time="2022-04-27 22:55:31" level=info Agent="Mozilla/5.0 (Windows NT 10.0; Win64; x64) AppleWebKit/537.36 (KHTML, like Gecko) Chrome/100.0.4896.127 Safari/537.36" DataSize=1579 HostName=LEGION Ip="::1" Method=GET Path=/ SpendTime="0 ms" status=200
time="2022-04-27 22:55:31" level=info Agent="Mozilla/5.0 (Windows NT 10.0; Win64; x64) AppleWebKit/537.36 (KHTML, like Gecko) Chrome/100.0.4896.127 Safari/537.36" DataSize=49 HostName=LEGION Ip="::1" Method=GET Path=/api/v1/category SpendTime="0 ms" status=200
time="2022-04-27 22:55:31" level=info Agent="Mozilla/5.0 (Windows NT 10.0; Win64; x64) AppleWebKit/537.36 (KHTML, like Gecko) Chrome/100.0.4896.127 Safari/537.36" DataSize=160 HostName=LEGION Ip="::1" Method=GET Path=/api/v1/profile/1 SpendTime="1 ms" status=200
time="2022-04-27 22:55:31" level=info Agent="Mozilla/5.0 (Windows NT 10.0; Win64; x64) AppleWebKit/537.36 (KHTML, like Gecko) Chrome/100.0.4896.127 Safari/537.36" DataSize=49 HostName=LEGION Ip="::1" Method=GET Path="/api/v1/article?pagesize=5&pagenum=1" SpendTime="0 ms" status=200
time="2022-04-27 22:55:39" level=info Agent="Mozilla/5.0 (Windows NT 10.0; Win64; x64) AppleWebKit/537.36 (KHTML, like Gecko) Chrome/100.0.4896.127 Safari/537.36" DataSize=60 HostName=LEGION Ip="::1" Method=POST Path=/api/v1/loginfront SpendTime="0 ms" status=200
time="2022-04-27 22:55:42" level=info Agent="Mozilla/5.0 (Windows NT 10.0; Win64; x64) AppleWebKit/537.36 (KHTML, like Gecko) Chrome/100.0.4896.127 Safari/537.36" DataSize=62 HostName=LEGION Ip="::1" Method=POST Path=/api/v1/loginfront SpendTime="51 ms" status=200
time="2022-04-27 22:55:51" level=info Agent="Mozilla/5.0 (Windows NT 10.0; Win64; x64) AppleWebKit/537.36 (KHTML, like Gecko) Chrome/100.0.4896.127 Safari/537.36" DataSize=62 HostName=LEGION Ip="::1" Method=POST Path=/api/v1/loginfront SpendTime="51 ms" status=200
time="2022-04-27 22:55:53" level=info Agent="Mozilla/5.0 (Windows NT 10.0; Win64; x64) AppleWebKit/537.36 (KHTML, like Gecko) Chrome/100.0.4896.127 Safari/537.36" DataSize=62 HostName=LEGION Ip="::1" Method=POST Path=/api/v1/loginfront SpendTime="52 ms" status=200
time="2022-04-27 22:57:18" level=info Agent="Mozilla/5.0 (Windows NT 10.0; Win64; x64) AppleWebKit/537.36 (KHTML, like Gecko) Chrome/100.0.4896.127 Safari/537.36" DataSize=1579 HostName=LEGION Ip="::1" Method=GET Path=/ SpendTime="0 ms" status=200
time="2022-04-27 22:57:18" level=info Agent="Mozilla/5.0 (Windows NT 10.0; Win64; x64) AppleWebKit/537.36 (KHTML, like Gecko) Chrome/100.0.4896.127 Safari/537.36" DataSize=49 HostName=LEGION Ip="::1" Method=GET Path=/api/v1/category SpendTime="0 ms" status=200
time="2022-04-27 22:57:18" level=info Agent="Mozilla/5.0 (Windows NT 10.0; Win64; x64) AppleWebKit/537.36 (KHTML, like Gecko) Chrome/100.0.4896.127 Safari/537.36" DataSize=160 HostName=LEGION Ip="::1" Method=GET Path=/api/v1/profile/1 SpendTime="0 ms" status=200
time="2022-04-27 22:57:18" level=info Agent="Mozilla/5.0 (Windows NT 10.0; Win64; x64) AppleWebKit/537.36 (KHTML, like Gecko) Chrome/100.0.4896.127 Safari/537.36" DataSize=49 HostName=LEGION Ip="::1" Method=GET Path="/api/v1/article?pagesize=5&pagenum=1" SpendTime="1 ms" status=200
time="2022-04-27 22:57:32" level=info Agent="Mozilla/5.0 (Windows NT 10.0; Win64; x64) AppleWebKit/537.36 (KHTML, like Gecko) Chrome/100.0.4896.127 Safari/537.36" DataSize=29 HostName=LEGION Ip="::1" Method=POST Path=/api/v1/user/add SpendTime="64 ms" status=200
time="2022-04-27 22:57:32" level=info Agent="Mozilla/5.0 (Windows NT 10.0; Win64; x64) AppleWebKit/537.36 (KHTML, like Gecko) Chrome/100.0.4896.127 Safari/537.36" DataSize=1579 HostName=LEGION Ip="::1" Method=GET Path=/ SpendTime="0 ms" status=200
time="2022-04-27 22:57:32" level=info Agent="Mozilla/5.0 (Windows NT 10.0; Win64; x64) AppleWebKit/537.36 (KHTML, like Gecko) Chrome/100.0.4896.127 Safari/537.36" DataSize=49 HostName=LEGION Ip="::1" Method=GET Path=/api/v1/category SpendTime="0 ms" status=200
time="2022-04-27 22:57:32" level=info Agent="Mozilla/5.0 (Windows NT 10.0; Win64; x64) AppleWebKit/537.36 (KHTML, like Gecko) Chrome/100.0.4896.127 Safari/537.36" DataSize=160 HostName=LEGION Ip="::1" Method=GET Path=/api/v1/profile/1 SpendTime="0 ms" status=200
time="2022-04-27 22:57:32" level=info Agent="Mozilla/5.0 (Windows NT 10.0; Win64; x64) AppleWebKit/537.36 (KHTML, like Gecko) Chrome/100.0.4896.127 Safari/537.36" DataSize=49 HostName=LEGION Ip="::1" Method=GET Path="/api/v1/article?pagesize=5&pagenum=1" SpendTime="0 ms" status=200
time="2022-04-27 22:57:39" level=info Agent="Mozilla/5.0 (Windows NT 10.0; Win64; x64) AppleWebKit/537.36 (KHTML, like Gecko) Chrome/100.0.4896.127 Safari/537.36" DataSize=60 HostName=LEGION Ip="::1" Method=POST Path=/api/v1/loginfront SpendTime="0 ms" status=200
time="2022-04-27 22:57:46" level=info Agent="Mozilla/5.0 (Windows NT 10.0; Win64; x64) AppleWebKit/537.36 (KHTML, like Gecko) Chrome/100.0.4896.127 Safari/537.36" DataSize=50 HostName=LEGION Ip="::1" Method=POST Path=/api/v1/loginfront SpendTime="51 ms" status=200
time="2022-04-27 22:57:46" level=info Agent="Mozilla/5.0 (Windows NT 10.0; Win64; x64) AppleWebKit/537.36 (KHTML, like Gecko) Chrome/100.0.4896.127 Safari/537.36" DataSize=1579 HostName=LEGION Ip="::1" Method=GET Path=/ SpendTime="0 ms" status=200
time="2022-04-27 22:57:46" level=info Agent="Mozilla/5.0 (Windows NT 10.0; Win64; x64) AppleWebKit/537.36 (KHTML, like Gecko) Chrome/100.0.4896.127 Safari/537.36" DataSize=49 HostName=LEGION Ip="::1" Method=GET Path=/api/v1/category SpendTime="0 ms" status=200
time="2022-04-27 22:57:46" level=info Agent="Mozilla/5.0 (Windows NT 10.0; Win64; x64) AppleWebKit/537.36 (KHTML, like Gecko) Chrome/100.0.4896.127 Safari/537.36" DataSize=160 HostName=LEGION Ip="::1" Method=GET Path=/api/v1/profile/1 SpendTime="0 ms" status=200
time="2022-04-27 22:57:46" level=info Agent="Mozilla/5.0 (Windows NT 10.0; Win64; x64) AppleWebKit/537.36 (KHTML, like Gecko) Chrome/100.0.4896.127 Safari/537.36" DataSize=49 HostName=LEGION Ip="::1" Method=GET Path="/api/v1/article?pagesize=5&pagenum=1" SpendTime="0 ms" status=200
time="2022-04-27 22:58:28" level=info Agent="Mozilla/5.0 (Windows NT 10.0; Win64; x64) AppleWebKit/537.36 (KHTML, like Gecko) Chrome/100.0.4896.127 Safari/537.36" DataSize=1579 HostName=LEGION Ip="::1" Method=GET Path=/ SpendTime="1 ms" status=200
time="2022-04-27 22:58:28" level=info Agent="Mozilla/5.0 (Windows NT 10.0; Win64; x64) AppleWebKit/537.36 (KHTML, like Gecko) Chrome/100.0.4896.127 Safari/537.36" DataSize=49 HostName=LEGION Ip="::1" Method=GET Path=/api/v1/category SpendTime="2 ms" status=200
time="2022-04-27 22:58:28" level=info Agent="Mozilla/5.0 (Windows NT 10.0; Win64; x64) AppleWebKit/537.36 (KHTML, like Gecko) Chrome/100.0.4896.127 Safari/537.36" DataSize=160 HostName=LEGION Ip="::1" Method=GET Path=/api/v1/profile/1 SpendTime="1 ms" status=200
time="2022-04-27 22:58:28" level=info Agent="Mozilla/5.0 (Windows NT 10.0; Win64; x64) AppleWebKit/537.36 (KHTML, like Gecko) Chrome/100.0.4896.127 Safari/537.36" DataSize=49 HostName=LEGION Ip="::1" Method=GET Path="/api/v1/article?pagesize=5&pagenum=1" SpendTime="1 ms" status=200
time="2022-04-27 22:58:40" level=info Agent="Mozilla/5.0 (Windows NT 10.0; Win64; x64) AppleWebKit/537.36 (KHTML, like Gecko) Chrome/100.0.4896.127 Safari/537.36" DataSize=52 HostName=LEGION Ip="::1" Method=POST Path=/api/v1/loginfront SpendTime="51 ms" status=200
time="2022-04-27 22:58:40" level=info Agent="Mozilla/5.0 (Windows NT 10.0; Win64; x64) AppleWebKit/537.36 (KHTML, like Gecko) Chrome/100.0.4896.127 Safari/537.36" DataSize=1579 HostName=LEGION Ip="::1" Method=GET Path=/ SpendTime="0 ms" status=200
time="2022-04-27 22:58:40" level=info Agent="Mozilla/5.0 (Windows NT 10.0; Win64; x64) AppleWebKit/537.36 (KHTML, like Gecko) Chrome/100.0.4896.127 Safari/537.36" DataSize=49 HostName=LEGION Ip="::1" Method=GET Path=/api/v1/category SpendTime="1 ms" status=200
time="2022-04-27 22:58:40" level=info Agent="Mozilla/5.0 (Windows NT 10.0; Win64; x64) AppleWebKit/537.36 (KHTML, like Gecko) Chrome/100.0.4896.127 Safari/537.36" DataSize=160 HostName=LEGION Ip="::1" Method=GET Path=/api/v1/profile/1 SpendTime="0 ms" status=200
time="2022-04-27 22:58:40" level=info Agent="Mozilla/5.0 (Windows NT 10.0; Win64; x64) AppleWebKit/537.36 (KHTML, like Gecko) Chrome/100.0.4896.127 Safari/537.36" DataSize=49 HostName=LEGION Ip="::1" Method=GET Path="/api/v1/article?pagesize=5&pagenum=1" SpendTime="0 ms" status=200
time="2022-04-27 22:58:46" level=info Agent="Mozilla/5.0 (Windows NT 10.0; Win64; x64) AppleWebKit/537.36 (KHTML, like Gecko) Chrome/100.0.4896.127 Safari/537.36" DataSize=1785 HostName=LEGION Ip="::1" Method=GET Path=/admin SpendTime="0 ms" status=200
time="2022-04-27 22:58:52" level=info Agent="Mozilla/5.0 (Windows NT 10.0; Win64; x64) AppleWebKit/537.36 (KHTML, like Gecko) Chrome/100.0.4896.127 Safari/537.36" DataSize=237 HostName=LEGION Ip="::1" Method=POST Path=/api/v1/login SpendTime="51 ms" status=200
time="2022-04-27 22:58:57" level=info Agent="Mozilla/5.0 (Windows NT 10.0; Win64; x64) AppleWebKit/537.36 (KHTML, like Gecko) Chrome/100.0.4896.127 Safari/537.36" DataSize=794 HostName=LEGION Ip="::1" Method=GET Path="/api/v1/admin/users?username=&pagesize=5&pagenum=1" SpendTime="0 ms" status=200
time="2022-04-27 22:58:58" level=info Agent="Mozilla/5.0 (Windows NT 10.0; Win64; x64) AppleWebKit/537.36 (KHTML, like Gecko) Chrome/100.0.4896.127 Safari/537.36" DataSize=49 HostName=LEGION Ip="::1" Method=GET Path=/api/v1/admin/category SpendTime="0 ms" status=200
time="2022-04-27 22:58:59" level=info Agent="Mozilla/5.0 (Windows NT 10.0; Win64; x64) AppleWebKit/537.36 (KHTML, like Gecko) Chrome/100.0.4896.127 Safari/537.36" DataSize=49 HostName=LEGION Ip="::1" Method=GET Path="/api/v1/comment/list?pagesize=10&pagenum=1" SpendTime="1 ms" status=200
time="2022-04-27 22:59:02" level=warning Agent="Mozilla/5.0 (Windows NT 10.0; Win64; x64) AppleWebKit/537.36 (KHTML, like Gecko) Chrome/100.0.4896.127 Safari/537.36" DataSize=0 HostName=LEGION Ip="::1" Method=GET Path=/admin/js/skins/ui/oxide/skin.min.css SpendTime="0 ms" status=404
time="2022-04-27 22:59:03" level=warning Agent="Mozilla/5.0 (Windows NT 10.0; Win64; x64) AppleWebKit/537.36 (KHTML, like Gecko) Chrome/100.0.4896.127 Safari/537.36" DataSize=0 HostName=LEGION Ip="::1" Method=GET Path=/admin/js/skins/ui/oxide/content.min.css SpendTime="0 ms" status=404
time="2022-04-27 22:59:03" level=warning Agent="Mozilla/5.0 (Windows NT 10.0; Win64; x64) AppleWebKit/537.36 (KHTML, like Gecko) Chrome/100.0.4896.127 Safari/537.36" DataSize=0 HostName=LEGION Ip="::1" Method=GET Path=/admin/js/skins/content/default/content.css SpendTime="0 ms" status=404
time="2022-04-27 22:59:03" level=info Agent="Mozilla/5.0 (Windows NT 10.0; Win64; x64) AppleWebKit/537.36 (KHTML, like Gecko) Chrome/100.0.4896.127 Safari/537.36" DataSize=49 HostName=LEGION Ip="::1" Method=GET Path=/api/v1/admin/category SpendTime="1 ms" status=200
time="2022-04-27 22:59:05" level=info Agent="Mozilla/5.0 (Windows NT 10.0; Win64; x64) AppleWebKit/537.36 (KHTML, like Gecko) Chrome/100.0.4896.127 Safari/537.36" DataSize=49 HostName=LEGION Ip="::1" Method=GET Path="/api/v1/admin/article?title=&pagesize=5&pagenum=1" SpendTime="1 ms" status=200
time="2022-04-27 22:59:05" level=info Agent="Mozilla/5.0 (Windows NT 10.0; Win64; x64) AppleWebKit/537.36 (KHTML, like Gecko) Chrome/100.0.4896.127 Safari/537.36" DataSize=49 HostName=LEGION Ip="::1" Method=GET Path=/api/v1/category SpendTime="1 ms" status=200
time="2022-04-27 22:59:08" level=info Agent="Mozilla/5.0 (Windows NT 10.0; Win64; x64) AppleWebKit/537.36 (KHTML, like Gecko) Chrome/100.0.4896.127 Safari/537.36" DataSize=49 HostName=LEGION Ip="::1" Method=GET Path="/api/v1/comment/list?pagesize=10&pagenum=1" SpendTime="1 ms" status=200
time="2022-04-27 23:12:31" level=info Agent="Mozilla/5.0 (Windows NT 10.0; Win64; x64) AppleWebKit/537.36 (KHTML, like Gecko) Chrome/100.0.4896.127 Safari/537.36" DataSize=1579 HostName=LEGION Ip="::1" Method=GET Path=/ SpendTime="0 ms" status=200
time="2022-04-27 23:12:31" level=info Agent="Mozilla/5.0 (Windows NT 10.0; Win64; x64) AppleWebKit/537.36 (KHTML, like Gecko) Chrome/100.0.4896.127 Safari/537.36" DataSize=49 HostName=LEGION Ip="::1" Method=GET Path=/api/v1/category SpendTime="0 ms" status=200
time="2022-04-27 23:12:31" level=info Agent="Mozilla/5.0 (Windows NT 10.0; Win64; x64) AppleWebKit/537.36 (KHTML, like Gecko) Chrome/100.0.4896.127 Safari/537.36" DataSize=160 HostName=LEGION Ip="::1" Method=GET Path=/api/v1/profile/1 SpendTime="0 ms" status=200
time="2022-04-27 23:12:31" level=info Agent="Mozilla/5.0 (Windows NT 10.0; Win64; x64) AppleWebKit/537.36 (KHTML, like Gecko) Chrome/100.0.4896.127 Safari/537.36" DataSize=49 HostName=LEGION Ip="::1" Method=GET Path="/api/v1/article?pagesize=5&pagenum=1" SpendTime="0 ms" status=200
time="2022-04-27 23:12:40" level=info Agent="Mozilla/5.0 (Windows NT 10.0; Win64; x64) AppleWebKit/537.36 (KHTML, like Gecko) Chrome/100.0.4896.127 Safari/537.36" DataSize=1785 HostName=LEGION Ip="::1" Method=GET Path=/admin SpendTime="0 ms" status=200
time="2022-04-27 23:12:45" level=info Agent="Mozilla/5.0 (Windows NT 10.0; Win64; x64) AppleWebKit/537.36 (KHTML, like Gecko) Chrome/100.0.4896.127 Safari/537.36" DataSize=237 HostName=LEGION Ip="::1" Method=POST Path=/api/v1/login SpendTime="52 ms" status=200
time="2022-04-27 23:12:46" level=info Agent="Mozilla/5.0 (Windows NT 10.0; Win64; x64) AppleWebKit/537.36 (KHTML, like Gecko) Chrome/100.0.4896.127 Safari/537.36" DataSize=160 HostName=LEGION Ip="::1" Method=GET Path=/api/v1/admin/profile/1 SpendTime="0 ms" status=200
